<?xml version="1.0" encoding="UTF-8"?>
<!-- Generated by org.testng.reporters.JUnitReportReporter -->
<testsuite hostname="DESKTOP-LML49R8" name="com.dreamersweekend.nemi.NemiDriverTest" tests="1" failures="0" timestamp="25 Apr 2016 15:50:41 GMT" time="13.171" errors="0">
  <testcase name="nemiDriverTest" time="13.171" classname="com.dreamersweekend.nemi.NemiDriverTest"/>
</testsuite> <!-- com.dreamersweekend.nemi.NemiDriverTest -->
