<?xml version="1.0" encoding="UTF-8"?>
<!-- Generated by org.testng.reporters.JUnitReportReporter -->
<testsuite hostname="DESKTOP-LML49R8" name="com.dreamersweekend.nemi.NemiDriverTest" tests="1" failures="0" timestamp="23 Apr 2016 14:14:35 GMT" time="41.127" errors="0">
  <testcase name="nemiDriverTest" time="41.127" classname="com.dreamersweekend.nemi.NemiDriverTest"/>
</testsuite> <!-- com.dreamersweekend.nemi.NemiDriverTest -->
