<?xml version="1.0" encoding="UTF-8"?>
<!-- Generated by org.testng.reporters.JUnitReportReporter -->
<testsuite hostname="DESKTOP-LML49R8" name="test.L8" tests="1" failures="0" timestamp="15 Apr 2016 14:25:51 GMT" time="0.077" errors="0">
  <testcase name="test1" time="0.077" classname="test.L8"/>
</testsuite> <!-- test.L8 -->
